==================================================================
W1 Linux installer build
  arch:        aarch64
  .version:    26.05
  RELEASE:     <unset/debug>
  nproc:       10
  date:        2026-07-01T17:30:57Z
==================================================================
== [1/4] Build wheels + pyenv (compiles the Rust core; slow first time) ==
[1m[92m    Updating[0m git repository `https://github.com/ankitects/rust-url.git`
[1m[92m    Updating[0m git repository `https://github.com/ankitects/linkcheck.git`
[1m[92m    Finished[0m `release` profile [optimized] target(s) in 5.88s
pyenv
qt:aqt:hooks.py
pylib:anki:hooks_gen.py
qt:aqt:sass_vars
qt:aqt:forms
pylib:anki:proto
pylib:anki:buildinfo.py
qt:aqt:data:qt:icons:mdi_themed
qt:aqt:data:qt:icons:mdi_themed
qt:aqt:data:qt:icons:mdi_themed
qt:aqt:data:qt:icons:mdi_themed
qt:aqt:data:qt:icons:mdi_themed
qt:aqt:data:qt:icons:mdi_themed
qt:aqt:data:qt:icons:mdi_themed
qt:aqt:data:qt:icons:mdi_themed
qt:aqt:data:qt:icons:mdi_themed
qt:aqt:data:qt:icons:mdi_themed
qt:aqt:data:qt:icons:mdi_themed
qt:aqt:data:qt:icons
pylib:anki:proto
wheels:anki
wheels:aqt
wheels:anki
n2: ran 21 tasks, now up to date
[0m[1m[32m
Build succeeded in 11.42s.
[0m== wheels produced ==
-rw-r--r-- 1 root root 17534969 Jul  1 17:31 out/wheels/anki-26.5-cp310-abi3-manylinux_2_35_aarch64.whl
-rw-r--r-- 1 root root  4651794 Jul  1 17:31 out/wheels/aqt-26.5-py3-none-any.whl
== verify pyenv has briefcase + anki is importable ==
briefcase 0.4.2
anki.lang import OK
  aqt wheel:  /work/anki/out/wheels/aqt-26.5-py3-none-any.whl
  anki wheel: /work/anki/out/wheels/anki-26.5-cp310-abi3-manylinux_2_35_aarch64.whl
  version:    26.5
== redirect out/installer -> /tmp/anki-installer (real fs; avoids virtiofs symlink ELOOP) ==
== [2/4] build_installer.py build (Briefcase + linux-template) ==

[anki] Generating application template...
Using app template: /work/anki/qt/installer/linux-template, branch v0.4.2

[anki] Installing support package...
Using support package https://github.com/astral-sh/python-build-standalone/releases/download/20260408/cpython-3.13.13+20260408-aarch64-unknown-linux-gnu-install_only_stripped.tar.gz
Downloading cpython-3.13.13+20260408-aarch64-unknown-linux-gnu-install_only_stripped.tar.gz...
Unpacking support package... started
Unpacking support package... done

[anki] Installing application code...
Installing src/anki... started
Installing src/anki... done

[anki] Installing requirements...
Installing app requirements... started
Processing ./build/anki/linux/zip/_requirements/aqt-26.5-py3-none-any.whl (from aqt==26.5)
Processing ./build/anki/linux/zip/_requirements/anki-26.5-cp310-abi3-manylinux_2_35_aarch64.whl
Collecting beautifulsoup4 (from aqt==26.5->aqt==26.5)
  Downloading beautifulsoup4-4.15.0-py3-none-any.whl.metadata (3.8 kB)
Collecting flask (from aqt==26.5->aqt==26.5)
  Downloading flask-3.1.3-py3-none-any.whl.metadata (3.2 kB)
Collecting jsonschema (from aqt==26.5->aqt==26.5)
  Downloading jsonschema-4.26.0-py3-none-any.whl.metadata (7.6 kB)
Collecting packaging (from aqt==26.5->aqt==26.5)
  Downloading packaging-26.2-py3-none-any.whl.metadata (3.5 kB)
Collecting pyqt6-webengine>=6.2 (from aqt==26.5->aqt==26.5)
  Downloading pyqt6_webengine-6.11.0-cp310-abi3-manylinux_2_39_aarch64.whl.metadata (1.9 kB)
Collecting pyqt6>=6.2 (from aqt==26.5->aqt==26.5)
  Downloading pyqt6-6.11.0-cp310-abi3-manylinux_2_39_aarch64.whl.metadata (2.1 kB)
Collecting requests (from aqt==26.5->aqt==26.5)
  Downloading requests-2.34.2-py3-none-any.whl.metadata (4.8 kB)
Collecting send2trash (from aqt==26.5->aqt==26.5)
  Downloading send2trash-2.1.0-py3-none-any.whl.metadata (4.1 kB)
Collecting truststore>=0.10.4 (from aqt==26.5->aqt==26.5)
  Downloading truststore-0.10.4-py3-none-any.whl.metadata (4.4 kB)
Collecting waitress>=2.0.0 (from aqt==26.5->aqt==26.5)
  Downloading waitress-3.0.2-py3-none-any.whl.metadata (5.8 kB)
Collecting decorator (from anki==26.5)
  Downloading decorator-5.3.1-py3-none-any.whl.metadata (3.9 kB)
Collecting distro (from anki==26.5)
  Downloading distro-1.9.0-py3-none-any.whl.metadata (6.8 kB)
Collecting markdown (from anki==26.5)
  Downloading markdown-3.10.2-py3-none-any.whl.metadata (5.1 kB)
Collecting orjson (from anki==26.5)
  Downloading orjson-3.11.9-cp313-cp313-manylinux_2_17_aarch64.manylinux2014_aarch64.whl.metadata (41 kB)
Collecting protobuf<8.0,>=6.0 (from anki==26.5)
  Downloading protobuf-7.35.1-cp310-abi3-manylinux2014_aarch64.whl.metadata (595 bytes)
Collecting typing-extensions (from anki==26.5)
  Downloading typing_extensions-4.15.0-py3-none-any.whl.metadata (3.3 kB)
Collecting pyqt6-qt6==6.11.0 (from aqt==26.5->aqt==26.5)
  Downloading pyqt6_qt6-6.11.0-py3-none-manylinux_2_39_aarch64.whl.metadata (535 bytes)
Collecting pyqt6-sip==13.11.1 (from aqt==26.5->aqt==26.5)
  Downloading pyqt6_sip-13.11.1-cp313-cp313-manylinux_2_17_aarch64.manylinux2014_aarch64.whl.metadata (495 bytes)
Collecting pyqt6-webengine-qt6==6.11.0 (from aqt==26.5->aqt==26.5)
  Downloading pyqt6_webengine_qt6-6.11.0-py3-none-manylinux_2_39_aarch64.whl.metadata (575 bytes)
Collecting soupsieve>=1.6.1 (from beautifulsoup4->aqt==26.5->aqt==26.5)
  Downloading soupsieve-2.8.4-py3-none-any.whl.metadata (4.6 kB)
Collecting blinker>=1.9.0 (from flask->aqt==26.5->aqt==26.5)
  Downloading blinker-1.9.0-py3-none-any.whl.metadata (1.6 kB)
Collecting click>=8.1.3 (from flask->aqt==26.5->aqt==26.5)
  Downloading click-8.4.2-py3-none-any.whl.metadata (2.6 kB)
Collecting itsdangerous>=2.2.0 (from flask->aqt==26.5->aqt==26.5)
  Downloading itsdangerous-2.2.0-py3-none-any.whl.metadata (1.9 kB)
Collecting jinja2>=3.1.2 (from flask->aqt==26.5->aqt==26.5)
  Downloading jinja2-3.1.6-py3-none-any.whl.metadata (2.9 kB)
Collecting markupsafe>=2.1.1 (from flask->aqt==26.5->aqt==26.5)
  Downloading markupsafe-3.0.3-cp313-cp313-manylinux2014_aarch64.manylinux_2_17_aarch64.manylinux_2_28_aarch64.whl.metadata (2.7 kB)
Collecting werkzeug>=3.1.0 (from flask->aqt==26.5->aqt==26.5)
  Downloading werkzeug-3.1.8-py3-none-any.whl.metadata (4.0 kB)
Collecting attrs>=22.2.0 (from jsonschema->aqt==26.5->aqt==26.5)
  Downloading attrs-26.1.0-py3-none-any.whl.metadata (8.8 kB)
Collecting jsonschema-specifications>=2023.03.6 (from jsonschema->aqt==26.5->aqt==26.5)
  Downloading jsonschema_specifications-2025.9.1-py3-none-any.whl.metadata (2.9 kB)
Collecting referencing>=0.28.4 (from jsonschema->aqt==26.5->aqt==26.5)
  Downloading referencing-0.37.0-py3-none-any.whl.metadata (2.8 kB)
Collecting rpds-py>=0.25.0 (from jsonschema->aqt==26.5->aqt==26.5)
  Downloading rpds_py-2026.6.3-cp313-cp313-manylinux_2_17_aarch64.manylinux2014_aarch64.whl.metadata (4.1 kB)
Collecting charset_normalizer<4,>=2 (from requests->aqt==26.5->aqt==26.5)
  Downloading charset_normalizer-3.4.7-cp313-cp313-manylinux2014_aarch64.manylinux_2_17_aarch64.manylinux_2_28_aarch64.whl.metadata (40 kB)
Collecting idna<4,>=2.5 (from requests->aqt==26.5->aqt==26.5)
  Downloading idna-3.18-py3-none-any.whl.metadata (6.1 kB)
Collecting urllib3<3,>=1.26 (from requests->aqt==26.5->aqt==26.5)
  Downloading urllib3-2.7.0-py3-none-any.whl.metadata (6.9 kB)
Collecting certifi>=2023.5.7 (from requests->aqt==26.5->aqt==26.5)
  Downloading certifi-2026.6.17-py3-none-any.whl.metadata (2.5 kB)
Collecting PySocks!=1.5.7,>=1.5.6 (from requests[socks]->anki==26.5)
  Downloading PySocks-1.7.1-py3-none-any.whl.metadata (13 kB)
Downloading pyqt6-6.11.0-cp310-abi3-manylinux_2_39_aarch64.whl (8.3 MB)
   ━━━━━━━━━━━━━━━━━━━━━━━━━━━━━━━━━━━━━━━━ 8.3/8.3 MB 42.5 MB/s  0:00:00
Downloading pyqt6_qt6-6.11.0-py3-none-manylinux_2_39_aarch64.whl (84.9 MB)
   ━━━━━━━━━━━━━━━━━━━━━━━━━━━━━━━━━━━━━━━━ 84.9/84.9 MB 47.7 MB/s  0:00:01
Downloading pyqt6_sip-13.11.1-cp313-cp313-manylinux_2_17_aarch64.manylinux2014_aarch64.whl (321 kB)
Downloading pyqt6_webengine-6.11.0-cp310-abi3-manylinux_2_39_aarch64.whl (319 kB)
Downloading pyqt6_webengine_qt6-6.11.0-py3-none-manylinux_2_39_aarch64.whl (111.6 MB)
   ━━━━━━━━━━━━━━━━━━━━━━━━━━━━━━━━━━━━━━━━ 111.6/111.6 MB 52.0 MB/s  0:00:02
Downloading protobuf-7.35.1-cp310-abi3-manylinux2014_aarch64.whl (328 kB)
Downloading truststore-0.10.4-py3-none-any.whl (18 kB)
Downloading waitress-3.0.2-py3-none-any.whl (56 kB)
Downloading beautifulsoup4-4.15.0-py3-none-any.whl (109 kB)
Downloading soupsieve-2.8.4-py3-none-any.whl (37 kB)
Downloading typing_extensions-4.15.0-py3-none-any.whl (44 kB)
Downloading decorator-5.3.1-py3-none-any.whl (10 kB)
Downloading distro-1.9.0-py3-none-any.whl (20 kB)
Downloading flask-3.1.3-py3-none-any.whl (103 kB)
Downloading blinker-1.9.0-py3-none-any.whl (8.5 kB)
Downloading click-8.4.2-py3-none-any.whl (119 kB)
Downloading itsdangerous-2.2.0-py3-none-any.whl (16 kB)
Downloading jinja2-3.1.6-py3-none-any.whl (134 kB)
Downloading markupsafe-3.0.3-cp313-cp313-manylinux2014_aarch64.manylinux_2_17_aarch64.manylinux_2_28_aarch64.whl (24 kB)
Downloading werkzeug-3.1.8-py3-none-any.whl (226 kB)
Downloading jsonschema-4.26.0-py3-none-any.whl (90 kB)
Downloading attrs-26.1.0-py3-none-any.whl (67 kB)
Downloading jsonschema_specifications-2025.9.1-py3-none-any.whl (18 kB)
Downloading referencing-0.37.0-py3-none-any.whl (26 kB)
Downloading rpds_py-2026.6.3-cp313-cp313-manylinux_2_17_aarch64.manylinux2014_aarch64.whl (367 kB)
Downloading markdown-3.10.2-py3-none-any.whl (108 kB)
Downloading orjson-3.11.9-cp313-cp313-manylinux_2_17_aarch64.manylinux2014_aarch64.whl (132 kB)
Downloading packaging-26.2-py3-none-any.whl (100 kB)
Downloading requests-2.34.2-py3-none-any.whl (73 kB)
Downloading charset_normalizer-3.4.7-cp313-cp313-manylinux2014_aarch64.manylinux_2_17_aarch64.manylinux_2_28_aarch64.whl (207 kB)
Downloading idna-3.18-py3-none-any.whl (65 kB)
Downloading urllib3-2.7.0-py3-none-any.whl (131 kB)
Downloading certifi-2026.6.17-py3-none-any.whl (133 kB)
Downloading PySocks-1.7.1-py3-none-any.whl (16 kB)
Downloading send2trash-2.1.0-py3-none-any.whl (17 kB)
Installing collected packages: pyqt6-webengine-qt6, pyqt6-qt6, waitress, urllib3, typing-extensions, truststore, soupsieve, send2trash, rpds-py, PySocks, pyqt6-sip, protobuf, packaging, orjson, markupsafe, markdown, itsdangerous, idna, distro, decorator, click, charset_normalizer, certifi, blinker, attrs, werkzeug, requests, referencing, pyqt6, jinja2, beautifulsoup4, pyqt6-webengine, jsonschema-specifications, flask, jsonschema, anki, aqt

Successfully installed PySocks-1.7.1 anki-26.5 aqt-26.5 attrs-26.1.0 beautifulsoup4-4.15.0 blinker-1.9.0 certifi-2026.6.17 charset_normalizer-3.4.7 click-8.4.2 decorator-5.3.1 distro-1.9.0 flask-3.1.3 idna-3.18 itsdangerous-2.2.0 jinja2-3.1.6 jsonschema-4.26.0 jsonschema-specifications-2025.9.1 markdown-3.10.2 markupsafe-3.0.3 orjson-3.11.9 packaging-26.2 protobuf-7.35.1 pyqt6-6.11.0 pyqt6-qt6-6.11.0 pyqt6-sip-13.11.1 pyqt6-webengine-6.11.0 pyqt6-webengine-qt6-6.11.0 referencing-0.37.0 requests-2.34.2 rpds-py-2026.6.3 send2trash-2.1.0 soupsieve-2.8.4 truststore-0.10.4 typing-extensions-4.15.0 urllib3-2.7.0 waitress-3.0.2 werkzeug-3.1.8
Installing app requirements... done

[anki] Installing application resources...

[anki] Removing unneeded app content...
Removing unneeded app bundle content... started
Removing unneeded app bundle content... done

[anki] Created build/anki/linux/zip

[anki] Building application...
Build bootstrap binary...
Building bootstrap binary... started
make: Entering directory '/tmp/anki-installer/build/anki/linux/zip/bootstrap'
../anki/python/bin/python3.13 -c "import sys; print(f'#define PY_TAG \"{sys.version_info.major}.{sys.version_info.minor}\"')" > pyversion.h
gcc -o anki main.c pyversion.h -I/tmp/anki-installer/build/anki/linux/zip/anki/python/include/python3.13 -I/tmp/anki-installer/build/anki/linux/zip/anki/python/include/python3.13  -fno-strict-overflow -Wsign-compare -Wunreachable-code -O3  -fno-omit-frame-pointer -mno-omit-leaf-frame-pointer  -fPIC   -DNDEBUG -g -O3 -Wall -DAPP_NAME=\"anki\"  -L/tmp/anki-installer/build/anki/linux/zip/anki/python/lib -lpython3.13 -lpthread -ldl  -lutil -lm  -Wl,-rpath,\$ORIGIN/python/lib -fPIE
cp anki ../anki/
make: Leaving directory '/tmp/anki-installer/build/anki/linux/zip/bootstrap'
Building bootstrap binary... done
Installing license... started
Installing license... done
Stripping binary... started
Stripping binary... done

[anki] Built build/anki/linux/zip/anki/anki
Saving log... started

Log saved to /tmp/anki-installer/logs/briefcase.2026_07_01-17_31_31.build.log

Saving log... done
== [3/4] build_installer.py package (tar.zst) ==
Build zip package...
Building zip package... started
Building zip package... done

[anki] Packaged dist/anki_26.5-1.tar.zst
Saving log... started

Log saved to /tmp/anki-installer/logs/briefcase.2026_07_01-17_32_01.package.log

Saving log... done
== [4/4] copy artifact back onto the bind-mount ==
total 186464
drwxr-xr-x 3 root root        96 Jul  1 17:32 .
drwxr-xr-x 4 root root       128 Jul  1 17:32 ..
-rw-r--r-- 1 root root 190937014 Jul  1 17:32 anki-26.5-linux-aarch64.tar.zst
ARTIFACT: /work/anki/out/installer/dist/anki-26.5-linux-aarch64.tar.zst
== BUILD DONE ==
